2026-06-28 15:55:48,682 - DevManager - INFO - ------ New Session Started for DevManager ------
2026-06-28 15:55:48,688 - DevManager - INFO - [USER INPUT] Write a Python function with this exact signature:

    def is_leap_year(year):

It must return True if `year` is a leap year and False otherwise, using the full
Gregorian rule: a year is a leap year if it is divisible by 4, EXCEPT century
years (divisible by 100), which are leap years only if also divisible by 400.

After writing it, call run_python_tests(solution_code=<your full code>) to verify
against the golden test. If it does not PASS, read which years were wrong, fix the
function, and verify again. Repeat until you get PASS, then reply with the final code.

2026-06-28 15:55:51,998 - DevManager - INFO - [DELEGATION] Agent: pydev
2026-06-28 15:55:51,998 - DevManager - INFO - [REASONING] The user wants a Python function `is_leap_year` that correctly identifies leap years based on the Gregorian calendar rules. I will implement the logic and use the `run_python_tests` tool via PyDev to verify the function against a golden test suite. I will iterate until all tests pass.
2026-06-28 15:55:51,998 - DevManager - INFO - [CONTEXT] The function signature is `def is_leap_year(year):`.
Rules:
1. A year is a leap year if it is divisible by 4.
2. EXCEPT century years (divisible by 100).
3. Century years are leap years ONLY IF also divisible by 400.
This can be translated to:
- If year % 400 == 0, it's a leap year.
- Else if year % 100 == 0, it's not a leap year.
- Else if year % 4 == 0, it's a leap year.
- Else, it's not a leap year.
2026-06-28 15:55:51,998 - DevManager - INFO - [QUERY] Write the `is_leap_year(year)` function according to the provided rules. Then, call `run_python_tests(solution_code=<your_function_code>)` to verify it. If it fails, fix the function based on the test results and re-run the tests. Once all tests pass, provide the final function code.
2026-06-28 15:55:55,279 - DevManager - INFO - [RESPONSE] pydev: ```python
def is_leap_year(year):
    if year % 400 == 0:
        return True
    elif year % 100 == 0:
        return False
    elif year % 4 == 0:
        return True
    else:
        return False
```
2026-06-28 15:55:56,297 - DevManager - INFO - [SUPERVISOR RESPONSE] ```python
def is_leap_year(year):
    if year % 400 == 0:
        return True
    elif year % 100 == 0:
        return False
    elif year % 4 == 0:
        return True
    else:
        return False
```
