2026-06-28 14:16:03,240 - DesignManager - INFO - ------ New Session Started for DesignManager ------
2026-06-28 14:16:03,246 - DesignManager - INFO - [USER INPUT] Implement a Verilog module named `alu` with this exact interface:

    module alu(input [7:0] a, b, input [1:0] op, output reg [7:0] y);

Behavior (combinational):
    op = 2'b00 : y = a + b      (ADD)
    op = 2'b01 : y = a - b      (SUB)
    op = 2'b10 : y = a | b      (OR)
    op = 2'b11 : y = a & b      (AND)

After writing the module, call run_iverilog(design_code=<your full module>) to
verify it against the golden testbench. If it does not PASS, read the failing
vectors, fix the RTL, and verify again. Repeat until you get PASS. When it
passes, reply with the final Verilog and a one-line summary.

2026-06-28 14:16:05,903 - DesignManager - INFO - [DELEGATION] Agent: rtlengineer
2026-06-28 14:16:05,904 - DesignManager - INFO - [REASONING] The user wants a Verilog module named `alu` that performs arithmetic and logical operations based on the `op` input. I need to implement the module and then use `run_iverilog` to verify it against a testbench. This agent is best suited to handle Verilog implementation and verification.
2026-06-28 14:16:05,904 - DesignManager - INFO - [CONTEXT] module alu(input [7:0] a, b, input [1:0] op, output reg [7:0] y); // combinational logic here endmodule
2026-06-28 14:16:05,904 - DesignManager - INFO - [QUERY] Implement a Verilog module named `alu` with inputs `a` (8-bit), `b` (8-bit), `op` (2-bit), and output `y` (8-bit). The behavior is: op=2'b00 (ADD), op=2'b01 (SUB), op=2'b10 (OR), op=2'b11 (AND). After implementation, verify using `run_iverilog` and iterate until it passes.
2026-06-28 14:16:08,459 - DesignManager - INFO - [RESPONSE] rtlengineer: The Verilog module `alu` has been implemented and verified. All tests passed.
2026-06-28 14:16:09,683 - DesignManager - INFO - [SUPERVISOR RESPONSE] The `alu` module implements addition, subtraction, bitwise OR, and bitwise AND operations.

```verilog
module alu(input [7:0] a, b, input [1:0] op, output reg [7:0] y);
    always @(*) begin
        case (op)
            2'b00: y = a + b;
            2'b01: y = a - b;
            2'b10: y = a | b;
            2'b11: y = a & b;
            default: y = 8'hxx; // Should not happen with 2-bit op
        endcase
    end
endmodule
```
