#! /opt/homebrew/Cellar/icarus-verilog/13.0/bin/vvp
:ivl_version "13.0 (stable)" "(v13_0)";
:ivl_delay_selection "TYPICAL";
:vpi_time_precision - 12;
:vpi_module "/opt/homebrew/Cellar/icarus-verilog/13.0/lib/ivl/system.vpi";
:vpi_module "/opt/homebrew/Cellar/icarus-verilog/13.0/lib/ivl/vhdl_sys.vpi";
:vpi_module "/opt/homebrew/Cellar/icarus-verilog/13.0/lib/ivl/vhdl_textio.vpi";
:vpi_module "/opt/homebrew/Cellar/icarus-verilog/13.0/lib/ivl/v2005_math.vpi";
:vpi_module "/opt/homebrew/Cellar/icarus-verilog/13.0/lib/ivl/va_math.vpi";
:vpi_module "/opt/homebrew/Cellar/icarus-verilog/13.0/lib/ivl/v2009.vpi";
S_0x10337e400 .scope package, "$unit" "$unit" 2 1;
 .timescale 0 0;
S_0x10337a270 .scope module, "tb_alu" "tb_alu" 3 3;
 .timescale -9 -12;
v0x103384eb0_0 .var "a", 7 0;
v0x103384f50_0 .var "b", 7 0;
v0x103384ff0_0 .var/i "errors", 31 0;
v0x103385090_0 .var "op", 1 0;
v0x103385130_0 .net "y", 7 0, v0x103384e10_0;  1 drivers
S_0x10337a3f0 .scope task, "check" "check" 3 11, 3 11 0, S_0x10337a270;
 .timescale -9 -12;
v0x10337e580_0 .var "exp", 7 0;
TD_tb_alu.check ;
    %delay 1000, 0;
    %load/vec4 v0x103385130_0;
    %load/vec4 v0x10337e580_0;
    %cmp/ne;
    %jmp/0xz  T_0.0, 6;
    %vpi_call/w 3 15 "$display", "FAIL: a=%0d b=%0d op=%0d -> y=%0d (expected %0d)", v0x103384eb0_0, v0x103384f50_0, v0x103385090_0, v0x103385130_0, v0x10337e580_0 {0 0 0};
    %load/vec4 v0x103384ff0_0;
    %addi 1, 0, 32;
    %store/vec4 v0x103384ff0_0, 0, 32;
T_0.0 ;
    %end;
S_0x103384ab0 .scope module, "dut" "alu" 3 8, 4 1 0, S_0x10337a270;
 .timescale 0 0;
    .port_info 0 /INPUT 8 "a";
    .port_info 1 /INPUT 8 "b";
    .port_info 2 /INPUT 2 "op";
    .port_info 3 /OUTPUT 8 "y";
v0x103384c30_0 .net "a", 7 0, v0x103384eb0_0;  1 drivers
v0x103384cd0_0 .net "b", 7 0, v0x103384f50_0;  1 drivers
v0x103384d70_0 .net "op", 1 0, v0x103385090_0;  1 drivers
v0x103384e10_0 .var "y", 7 0;
E_0x10337e620 .event anyedge, v0x103384d70_0, v0x103384c30_0, v0x103384cd0_0;
    .scope S_0x103384ab0;
T_1 ;
    %wait E_0x10337e620;
    %load/vec4 v0x103384d70_0;
    %dup/vec4;
    %pushi/vec4 0, 0, 2;
    %cmp/u;
    %jmp/1 T_1.0, 6;
    %dup/vec4;
    %pushi/vec4 1, 0, 2;
    %cmp/u;
    %jmp/1 T_1.1, 6;
    %dup/vec4;
    %pushi/vec4 2, 0, 2;
    %cmp/u;
    %jmp/1 T_1.2, 6;
    %dup/vec4;
    %pushi/vec4 3, 0, 2;
    %cmp/u;
    %jmp/1 T_1.3, 6;
    %pushi/vec4 0, 0, 8;
    %store/vec4 v0x103384e10_0, 0, 8;
    %jmp T_1.5;
T_1.0 ;
    %load/vec4 v0x103384c30_0;
    %load/vec4 v0x103384cd0_0;
    %add;
    %store/vec4 v0x103384e10_0, 0, 8;
    %jmp T_1.5;
T_1.1 ;
    %load/vec4 v0x103384c30_0;
    %load/vec4 v0x103384cd0_0;
    %sub;
    %store/vec4 v0x103384e10_0, 0, 8;
    %jmp T_1.5;
T_1.2 ;
    %load/vec4 v0x103384c30_0;
    %load/vec4 v0x103384cd0_0;
    %or;
    %store/vec4 v0x103384e10_0, 0, 8;
    %jmp T_1.5;
T_1.3 ;
    %load/vec4 v0x103384c30_0;
    %load/vec4 v0x103384cd0_0;
    %and;
    %store/vec4 v0x103384e10_0, 0, 8;
    %jmp T_1.5;
T_1.5 ;
    %pop/vec4 1;
    %jmp T_1;
    .thread T_1, $push;
    .scope S_0x10337a270;
T_2 ;
    %pushi/vec4 0, 0, 32;
    %store/vec4 v0x103384ff0_0, 0, 32;
    %end;
    .thread T_2, $init;
    .scope S_0x10337a270;
T_3 ;
    %pushi/vec4 10, 0, 8;
    %store/vec4 v0x103384eb0_0, 0, 8;
    %pushi/vec4 3, 0, 8;
    %store/vec4 v0x103384f50_0, 0, 8;
    %pushi/vec4 0, 0, 2;
    %store/vec4 v0x103385090_0, 0, 2;
    %pushi/vec4 13, 0, 8;
    %store/vec4 v0x10337e580_0, 0, 8;
    %fork TD_tb_alu.check, S_0x10337a3f0;
    %join;
    %pushi/vec4 10, 0, 8;
    %store/vec4 v0x103384eb0_0, 0, 8;
    %pushi/vec4 3, 0, 8;
    %store/vec4 v0x103384f50_0, 0, 8;
    %pushi/vec4 1, 0, 2;
    %store/vec4 v0x103385090_0, 0, 2;
    %pushi/vec4 7, 0, 8;
    %store/vec4 v0x10337e580_0, 0, 8;
    %fork TD_tb_alu.check, S_0x10337a3f0;
    %join;
    %pushi/vec4 240, 0, 8;
    %store/vec4 v0x103384eb0_0, 0, 8;
    %pushi/vec4 15, 0, 8;
    %store/vec4 v0x103384f50_0, 0, 8;
    %pushi/vec4 2, 0, 2;
    %store/vec4 v0x103385090_0, 0, 2;
    %pushi/vec4 255, 0, 8;
    %store/vec4 v0x10337e580_0, 0, 8;
    %fork TD_tb_alu.check, S_0x10337a3f0;
    %join;
    %pushi/vec4 240, 0, 8;
    %store/vec4 v0x103384eb0_0, 0, 8;
    %pushi/vec4 60, 0, 8;
    %store/vec4 v0x103384f50_0, 0, 8;
    %pushi/vec4 3, 0, 2;
    %store/vec4 v0x103385090_0, 0, 2;
    %pushi/vec4 48, 0, 8;
    %store/vec4 v0x10337e580_0, 0, 8;
    %fork TD_tb_alu.check, S_0x10337a3f0;
    %join;
    %load/vec4 v0x103384ff0_0;
    %cmpi/e 0, 0, 32;
    %jmp/0xz  T_3.0, 4;
    %vpi_call/w 3 26 "$display", "ALL_TESTS_PASSED" {0 0 0};
    %jmp T_3.1;
T_3.0 ;
    %vpi_call/w 3 27 "$display", "TESTS_FAILED: %0d", v0x103384ff0_0 {0 0 0};
T_3.1 ;
    %vpi_call/w 3 28 "$finish" {0 0 0};
    %end;
    .thread T_3;
# The file index is used to find the file name in the following table.
:file_names 5;
    "N/A";
    "<interactive>";
    "-";
    "/Users/smsag/Desktop/primis/tb_alu.v";
    "/Users/smsag/Desktop/primis/work/alu.v";
