
2026-06-28 14:28:25,794 - RTLEngineer - INFO - ------ New Session Started for RTLEngineer ------
2026-06-28 14:28:25,794 - RTLEngineer - INFO - Logging continued in workflow: 9bd67934-9774-4b70-bacf-56093ded61dc
2026-06-28 14:28:28,726 - RTLEngineer - INFO - Query received from DesignManager: CONTEXT:

module alu(input [7:0] a, b, input [1:0] op, output reg [7:0] y);
    always @(*) begin
        case(op)
            2'b01: y = a - b; // SUB
            2'b10: y = a | b; // OR
            2'b11: y = a & b; // AND
            default: y = 8'b0; // Default case for op = 2'b00 or any other undefined op
        endcase
    end
endmodule


QUERY:
Implement a Verilog module named `alu` with the specified interface and behavior. Use `run_iverilog` to verify the module against the golden testbench. Iterate and fix the RTL until it passes. Here is the initial Verilog code for the `alu` module:
2026-06-28 14:28:30,725 - RTLEngineer - INFO - Initiating tool call: run_iverilog
2026-06-28 14:28:30,725 - RTLEngineer - INFO - Tool arguments: {
  "design_code": "\nmodule alu(input [7:0] a, b, input [1:0] op, output reg [7:0] y);\n    always @(*) begin\n        case(op)\n            2'b01: y = a - b; // SUB\n            2'b10: y = a | b; // OR\n            2'b11: y = a & b; // AND\n            default: y = 8'b0; // Default case for op = 2'b00 or any other undefined op\n        endcase\n    end\nendmodule\n"
}
2026-06-28 14:28:30,820 - RTLEngineer - INFO - Tool execution successful
2026-06-28 14:28:30,820 - RTLEngineer - INFO - Tool response: SIM_FAIL:
FAIL: a=10 b=3 op=0 -> y=0 (expected 13)
TESTS_FAILED: 1
/Users/smsag/Desktop/primis/tb_alu.v:28: $finish called at 4000 (1ps)

2026-06-28 14:28:32,140 - RTLEngineer - INFO - Initiating tool call: run_iverilog
2026-06-28 14:28:32,140 - RTLEngineer - INFO - Tool arguments: {
  "design_code": "\nmodule alu(input [7:0] a, b, input [1:0] op, output reg [7:0] y);\n    always @(*) begin\n        case(op)\n            2'b00: y = a + b; // ADD\n            2'b01: y = a - b; // SUB\n            2'b10: y = a | b; // OR\n            2'b11: y = a & b; // AND\n            default: y = 8'b0; // Should not be reached with 2-bit op\n        endcase\n    end\nendmodule\n"
}
2026-06-28 14:28:32,223 - RTLEngineer - INFO - Tool execution successful
2026-06-28 14:28:32,223 - RTLEngineer - INFO - Tool response: PASS: all tests passed.
ALL_TESTS_PASSED
/Users/smsag/Desktop/primis/tb_alu.v:28: $finish called at 4000 (1ps)

2026-06-28 14:28:33,941 - RTLEngineer - INFO - RTLEngineer response: module alu(input [7:0] a, b, input [1:0] op, output reg [7:0] y);
    always @(*) begin
        case(op)
            2'b00: y = a + b; // ADD
            2'b01: y = a - b; // SUB
            2'b10: y = a | b; // OR
            2'b11: y = a & b; // AND
            default: y = 8'b0; // Should not be reached with 2-bit op
        endcase
    end
endmodule
