
2026-06-28 14:28:57,211 - RTLEngineer - INFO - ------ New Session Started for RTLEngineer ------
2026-06-28 14:28:57,212 - RTLEngineer - INFO - Logging continued in workflow: d7588bf0-f8e0-4d0f-9eff-f3eb4e254db5
2026-06-28 14:29:00,804 - RTLEngineer - INFO - Query received from DesignManager: CONTEXT:
The initial proposed Verilog code is:

```verilog
module alu(input [7:0] a, b, input [1:0] op, output reg [7:0] y);
    always @(*) begin
        case(op)
            2'b00: y = a + b;   // ADD
            2'b01: y = a - b;   // SUB
            2'b10: y = a | b;   // OR
            2'b11: y = a & b;   // AND
            default: y = 8'b0;  // Default case to avoid latches, though not strictly necessary for full case
        endcase
    end
endmodule
```

QUERY:
Implement a Verilog module named `alu` with this exact interface:

    module alu(input [7:0] a, b, input [1:0] op, output reg [7:0] y);

Behavior (combinational):
    op = 2'b00 : y = a + b      (ADD)
    op = 2'b01 : y = a - b      (SUB)
    op = 2'b10 : y = a | b      (OR)
    op = 2'b11 : y = a & b      (AND)

Verify it using `run_iverilog`. If it does not PASS, read the failing vectors, fix the RTL, and verify again. Repeat until you get PASS. When it passes, reply with the final Verilog and a one-line summary.
2026-06-28 14:29:02,613 - RTLEngineer - INFO - Initiating tool call: run_iverilog
2026-06-28 14:29:02,613 - RTLEngineer - INFO - Tool arguments: {
  "design_code": "\nmodule alu(input [7:0] a, b, input [1:0] op, output reg [7:0] y);\n    always @(*) begin\n        case(op)\n            2'b00: y = a + b;   // ADD\n            2'b01: y = a - b;   // SUB\n            2'b10: y = a | b;   // OR\n            2'b11: y = a & b;   // AND\n            default: y = 8'b0;  // Default case to avoid latches, though not strictly necessary for full case\n        endcase\n    end\nendmodule\n"
}
2026-06-28 14:29:02,706 - RTLEngineer - INFO - Tool execution successful
2026-06-28 14:29:02,706 - RTLEngineer - INFO - Tool response: PASS: all tests passed.
ALL_TESTS_PASSED
/Users/smsag/Desktop/primis/tb_alu.v:28: $finish called at 4000 (1ps)

2026-06-28 14:29:03,739 - RTLEngineer - INFO - RTLEngineer response: The provided Verilog code correctly implements the specified ALU operations and passes all verification tests.

```verilog
module alu(input [7:0] a, b, input [1:0] op, output reg [7:0] y);
    always @(*) begin
        case(op)
            2'b00: y = a + b;   // ADD
            2'b01: y = a - b;   // SUB
            2'b10: y = a | b;   // OR
            2'b11: y = a & b;   // AND
            default: y = 8'b0;  // Default case to avoid latches, though not strictly necessary for full case
        endcase
    end
endmodule
```
