
2026-06-28 14:11:42,249 - RTLEngineer - INFO - ------ New Session Started for RTLEngineer ------
2026-06-28 14:11:42,249 - RTLEngineer - INFO - Logging continued in workflow: 1492fb98-e35d-438a-bd40-0b1697da3fc8
2026-06-28 14:11:46,219 - RTLEngineer - INFO - Query received from DesignManager: CONTEXT:
I have written the following Verilog code for the `alu` module:

```verilog
module alu(input [7:0] a, b, input [1:0] op, output reg [7:0] y);
    always @(*) begin
        case(op)
            2'b00: y = a + b;   // ADD
            2'b01: y = a - b;   // SUB
            2'b10: y = a | b;   // OR
            2'b11: y = a & b;   // AND
            default: y = 8'b0;  // Default case to avoid latches, though not strictly necessary for full case
        endcase
    end
endmodule
```

QUERY:
Implement a Verilog module named `alu` with this exact interface:

    module alu(input [7:0] a, b, input [1:0] op, output reg [7:0] y);

Behavior (combinational):
    op = 2'b00 : y = a + b      (ADD)
    op = 2'b01 : y = a - b      (SUB)
    op = 2'b10 : y = a | b      (OR)
    op = 2'b11 : y = a & b      (AND)

Verify it against the golden testbench using `run_iverilog(design_code=<your full module>)`. Fix any failing vectors and repeat until it passes. When it passes, reply with the final Verilog and a one-line summary.
2026-06-28 14:11:48,152 - RTLEngineer - INFO - Initiating tool call: run_iverilog
2026-06-28 14:11:48,152 - RTLEngineer - INFO - Tool arguments: {
  "design_code": "\nmodule alu(input [7:0] a, b, input [1:0] op, output reg [7:0] y);\n    always @(*) begin\n        case(op)\n            2'b00: y = a + b;   // ADD\n            2'b01: y = a - b;   // SUB\n            2'b10: y = a | b;   // OR\n            2'b11: y = a & b;   // AND\n            default: y = 8'b0;  // Default case to avoid latches, though not strictly necessary for full case\n        endcase\n    end\nendmodule\n"
}
2026-06-28 14:11:48,340 - RTLEngineer - INFO - Tool execution successful
2026-06-28 14:11:48,340 - RTLEngineer - INFO - Tool response: PASS: all tests passed.
ALL_TESTS_PASSED
/Users/smsag/Desktop/primis/tb_alu.v:28: $finish called at 4000 (1ps)

2026-06-28 14:11:49,997 - RTLEngineer - INFO - RTLEngineer response: ```verilog
module alu(input [7:0] a, b, input [1:0] op, output reg [7:0] y);
    always @(*) begin
        case(op)
            2'b00: y = a + b;   // ADD
            2'b01: y = a - b;   // SUB
            2'b10: y = a | b;   // OR
            2'b11: y = a & b;   // AND
            default: y = 8'b0;  // Default case to avoid latches, though not strictly necessary for full case
        endcase
    end
endmodule
```
The ALU module correctly implements addition, subtraction, bitwise OR, and bitwise AND operations based on the `op` input.
