
2026-06-28 14:27:31,592 - RTLEngineer - INFO - ------ New Session Started for RTLEngineer ------
2026-06-28 14:27:31,593 - RTLEngineer - INFO - Logging continued in workflow: b756812f-632b-456b-b277-2984acdb19b9
2026-06-28 14:27:36,805 - RTLEngineer - INFO - Query received from DesignManager: CONTEXT:
module alu(input [7:0] a, b, input [1:0] op, output reg [7:0] y);

  always @(*) begin
    case(op)
      2'b00: y = a + b; // ADD
      2'b01: y = a - b; // SUB
      2'b10: y = a | b; // OR
      2'b11: y = a & b; // AND
      default: y = 8'hxx; // Should not happen with 2-bit op, but good practice
    endcase
  end

endmodule

QUERY:
Implement a Verilog module named `alu` with the specified interface and behavior. The initial implementation assumes `op = 2'b00` for ADD and `op = 2'b01` for SUB. Verify this design using `run_iverilog`.
2026-06-28 14:27:39,261 - RTLEngineer - INFO - Initiating tool call: run_iverilog
2026-06-28 14:27:39,261 - RTLEngineer - INFO - Tool arguments: {
  "design_code": "\nmodule alu(input [7:0] a, b, input [1:0] op, output reg [7:0] y);\n\n  always @(*) begin\n    case(op)\n      2'b00: y = a + b; // ADD\n      2'b01: y = a - b; // SUB\n      2'b10: y = a | b; // OR\n      2'b11: y = a & b; // AND\n      default: y = 8'hxx; // Should not happen with 2-bit op, but good practice\n    endcase\n  end\n\nendmodule\n"
}
2026-06-28 14:27:39,380 - RTLEngineer - INFO - Tool execution successful
2026-06-28 14:27:39,381 - RTLEngineer - INFO - Tool response: PASS: all tests passed.
ALL_TESTS_PASSED
/Users/smsag/Desktop/primis/tb_alu.v:28: $finish called at 4000 (1ps)

2026-06-28 14:27:40,474 - RTLEngineer - INFO - RTLEngineer response: The Verilog module `alu` has been implemented and verified. The `run_iverilog` tool reports `PASS`, indicating that all tests passed successfully.
